<?xml version="1.0" encoding="UTF-8"?>
<testsuite name="ohtuesimerkki.StatisticsTest" tests="4" skipped="0" failures="0" errors="0" timestamp="2019-11-02T05:50:34" hostname="thonk" time="0.003">
  <properties/>
  <testcase name="searchReturnsNullIfNoPlayerFound" classname="ohtuesimerkki.StatisticsTest" time="0.002"/>
  <testcase name="teamReturnsRightSizedListOfPlayersOfSearchedTeam" classname="ohtuesimerkki.StatisticsTest" time="0.0"/>
  <testcase name="searchReturnsTheRightPlayer" classname="ohtuesimerkki.StatisticsTest" time="0.0"/>
  <testcase name="topScoresHasTheRightPlayerFirstInList" classname="ohtuesimerkki.StatisticsTest" time="0.001"/>
  <system-out><![CDATA[]]></system-out>
  <system-err><![CDATA[]]></system-err>
</testsuite>
